0 silly argv {
0 silly argv   _: [ 'create' ],
0 silly argv   lernaVersion: '8.1.2',
0 silly argv   '$0': 'C:\\Program Files\\nodejs\\node_modules\\lerna\\dist\\cli.js',
0 silly argv   name: 'react-library'
0 silly argv }
1 notice cli v8.1.2
2 verbose packageConfigs Resolving packages based on package.json "workspaces" configuration.
3 verbose rootPath C:\Users\mfkfa\OneDrive\Desktop\checkout-fill
4 warn ENOREMOTE No git remote found, skipping repository property
5 error Error: canceled
5 error     at Interface.<anonymous> (C:\Users\mfkfa\OneDrive\Desktop\checkout-fill\node_modules\read\lib\read.js:79:15)
5 error     at Interface.emit (node:events:517:28)
5 error     at [_ttyWrite] [as _ttyWrite] (node:internal/readline/interface:1132:18)
5 error     at ReadStream.onkeypress (node:internal/readline/interface:271:20)
5 error     at ReadStream.emit (node:events:517:28)
5 error     at emitKeys (node:internal/readline/utils:371:14)
5 error     at emitKeys.next (<anonymous>)
5 error     at ReadStream.onData (node:internal/readline/emitKeypressEvents:64:36)
5 error     at ReadStream.emit (node:events:517:28)
